rsync transfer starting at Sun Jul 27 01:00:00 BST 2014
building file list ... done
logs/
logs/filter/
logs/filter/filter.csv
logs/gates/
logs/gates/.DS_Store
logs/gates/2014-06-27T18-09-01+0000_beads.csv
logs/gates/2014-06-27T18-11-21+0000_prochloro.csv
logs/gates/2014-06-27T18-23-47+0000_synecho.csv
logs/gates/2014-06-27T18-24-17+0000_prochloro.csv
logs/gates/2014-06-27T18-24-43+0000_picoeuk.csv
logs/gates/2014-07-05T14-57-25+0000_synecho.csv
logs/gates/2014-07-06T15-59-35+0000_pennates.csv
logs/gates/2014-07-06T22-57-29+0000_beads.csv
logs/gates/2014-07-06T22-59-03+0000_synecho.csv
logs/gates/2014-07-06T23-00-05+0000_prochloro.csv
logs/gates/2014-07-06T23-12-13+0000_beads.csv
logs/gates/2014-07-06T23-12-33+0000_synecho.csv
logs/gates/2014-07-06T23-12-53+0000_prochloro.csv
logs/gates/2014-07-06T23-13-19+0000_pennates.csv
logs/gates/2014-07-07T00-24-53+0000_synecho.csv
logs/gates/2014-07-07T00-26-03+0000_pennates.csv
logs/gates/2014-07-07T14-48-57+0000_prochloro.csv
logs/gates/2014-07-12T14-12-05+0000_beads.csv
logs/gates/2014-07-17T18-27-01+0000_picoeuk.csv
logs/gates/2014-07-17T18-28-57+0000_pennates.csv
logs/gates/2014-07-21T16-09-05+0000_beads.csv
logs/gates/2014-07-25T00-28-44+0000_beads.csv
logs/gates/2014-07-25T00-30-01+0000_prochloro.csv
logs/gates/2014-07-25T00-32-45+0000_picoeuk.csv
params/
params/filter/
params/filter/filter.csv
params/gates/
params/gates/.DS_Store
params/gates/params.RData
params/gates/picoeuk.csv
params/gates/prochloro.csv
sqlite/
sqlite/popcycle.db
rsync: writefd_unbuffered failed to write 8347 bytes [sender]: Broken pipe (32)
rsync: write failed on "/Volumes/SEAFLOW-1/july2014/sqlite/popcycle.db": File too large (27)
rsync error: error in file IO (code 11) at /SourceCache/rsync/rsync-42/rsync/receiver.c(268) [receiver=2.6.9]
rsync: connection unexpectedly closed (1990 bytes received so far) [generator]
rsync error: error in rsync protocol data stream (code 12) at /SourceCache/rsync/rsync-42/rsync/io.c(452) [generator=2.6.9]
rsync: connection unexpectedly closed (904 bytes received so far) [sender]
rsync error: error in rsync protocol data stream (code 12) at /SourceCache/rsync/rsync-42/rsync/io.c(452) [sender=2.6.9]
