This is pdfTeX, Version 3.1415926-2.4-1.40.13 (TeX Live 2012) (format=pdflatex 2012.6.30)  12 MAY 2015 17:41
entering extended mode
 restricted \write18 enabled.
 %&-line parsing enabled.
**CruiseReport.tex
(./CruiseReport.tex
LaTeX2e <2011/06/27>
Babel <v3.8m> and hyphenation patterns for english, dumylang, nohyphenation, ge
rman-x-2012-05-30, ngerman-x-2012-05-30, afrikaans, ancientgreek, ibycus, arabi
c, armenian, basque, bulgarian, catalan, pinyin, coptic, croatian, czech, danis
h, dutch, ukenglish, usenglishmax, esperanto, estonian, ethiopic, farsi, finnis
h, french, friulan, galician, german, ngerman, swissgerman, monogreek, greek, h
ungarian, icelandic, assamese, bengali, gujarati, hindi, kannada, malayalam, ma
rathi, oriya, panjabi, tamil, telugu, indonesian, interlingua, irish, italian, 
kurmanji, latin, latvian, lithuanian, mongolian, mongolianlmc, bokmal, nynorsk,
 polish, portuguese, romanian, romansh, russian, sanskrit, serbian, serbianc, s
lovak, slovenian, spanish, swedish, turkish, turkmen, ukrainian, uppersorbian, 
welsh, loaded.
(/usr/local/texlive/2012/texmf-dist/tex/latex/base/article.cls
Document Class: article 2007/10/19 v1.4h Standard LaTeX document class
(/usr/local/texlive/2012/texmf-dist/tex/latex/base/size10.clo
File: size10.clo 2007/10/19 v1.4h Standard LaTeX file (size option)
)
\c@part=\count79
\c@section=\count80
\c@subsection=\count81
\c@subsubsection=\count82
\c@paragraph=\count83
\c@subparagraph=\count84
\c@figure=\count85
\c@table=\count86
\abovecaptionskip=\skip41
\belowcaptionskip=\skip42
\bibindent=\dimen102
)
(/usr/local/texlive/2012/texmf-dist/tex/latex/preprint/fullpage.sty
Package: fullpage 1999/02/23 1.1 (PWD)
\FP@margin=\skip43
)
(/usr/local/texlive/2012/texmf-dist/tex/latex/float/float.sty
Package: float 2001/11/08 v1.3d Float enhancements (AL)
\c@float@type=\count87
\float@exts=\toks14
\float@box=\box26
\@float@everytoks=\toks15
\@floatcapt=\box27
)
(/usr/local/texlive/2012/texmf-dist/tex/latex/hyperref/hyperref.sty
Package: hyperref 2012/05/13 v6.82q Hypertext links for LaTeX

(/usr/local/texlive/2012/texmf-dist/tex/generic/oberdiek/hobsub-hyperref.sty
Package: hobsub-hyperref 2012/05/28 v1.13 Bundle oberdiek, subset hyperref (HO)


(/usr/local/texlive/2012/texmf-dist/tex/generic/oberdiek/hobsub-generic.sty
Package: hobsub-generic 2012/05/28 v1.13 Bundle oberdiek, subset generic (HO)
Package: hobsub 2012/05/28 v1.13 Construct package bundles (HO)
Package: infwarerr 2010/04/08 v1.3 Providing info/warning/error messages (HO)
Package: ltxcmds 2011/11/09 v1.22 LaTeX kernel commands for general use (HO)
Package: ifluatex 2010/03/01 v1.3 Provides the ifluatex switch (HO)
Package ifluatex Info: LuaTeX not detected.
Package: ifvtex 2010/03/01 v1.5 Detect VTeX and its facilities (HO)
Package ifvtex Info: VTeX not detected.
Package: intcalc 2007/09/27 v1.1 Expandable calculations with integers (HO)
Package: ifpdf 2011/01/30 v2.3 Provides the ifpdf switch (HO)
Package ifpdf Info: pdfTeX in PDF mode is detected.
Package: etexcmds 2011/02/16 v1.5 Avoid name clashes with e-TeX commands (HO)
Package etexcmds Info: Could not find \expanded.
(etexcmds)             That can mean that you are not using pdfTeX 1.50 or
(etexcmds)             that some package has redefined \expanded.
(etexcmds)             In the latter case, load this package earlier.
Package: kvsetkeys 2012/04/25 v1.16 Key value parser (HO)
Package: kvdefinekeys 2011/04/07 v1.3 Define keys (HO)
Package: pdftexcmds 2011/11/29 v0.20 Utility functions of pdfTeX for LuaTeX (HO
)
Package pdftexcmds Info: LuaTeX not detected.
Package pdftexcmds Info: \pdf@primitive is available.
Package pdftexcmds Info: \pdf@ifprimitive is available.
Package pdftexcmds Info: \pdfdraftmode found.
Package: pdfescape 2011/11/25 v1.13 Implements pdfTeX's escape features (HO)
Package: bigintcalc 2012/04/08 v1.3 Expandable calculations on big integers (HO
)
Package: bitset 2011/01/30 v1.1 Handle bit-vector datatype (HO)
Package: uniquecounter 2011/01/30 v1.2 Provide unlimited unique counter (HO)
)
Package hobsub Info: Skipping package `hobsub' (already loaded).
Package: letltxmacro 2010/09/02 v1.4 Let assignment for LaTeX macros (HO)
Package: hopatch 2012/05/28 v1.2 Wrapper for package hooks (HO)
Package: xcolor-patch 2011/01/30 xcolor patch
Package: atveryend 2011/06/30 v1.8 Hooks at the very end of document (HO)
Package atveryend Info: \enddocument detected (standard20110627).
Package: atbegshi 2011/10/05 v1.16 At begin shipout hook (HO)
Package: refcount 2011/10/16 v3.4 Data extraction from label references (HO)
Package: hycolor 2011/01/30 v1.7 Color options for hyperref/bookmark (HO)
)
(/usr/local/texlive/2012/texmf-dist/tex/latex/graphics/keyval.sty
Package: keyval 1999/03/16 v1.13 key=value parser (DPC)
\KV@toks@=\toks16
)
(/usr/local/texlive/2012/texmf-dist/tex/generic/ifxetex/ifxetex.sty
Package: ifxetex 2010/09/12 v0.6 Provides ifxetex conditional
)
(/usr/local/texlive/2012/texmf-dist/tex/latex/oberdiek/kvoptions.sty
Package: kvoptions 2011/06/30 v3.11 Key value format for package options (HO)
)
\@linkdim=\dimen103
\Hy@linkcounter=\count88
\Hy@pagecounter=\count89

(/usr/local/texlive/2012/texmf-dist/tex/latex/hyperref/pd1enc.def
File: pd1enc.def 2012/05/13 v6.82q Hyperref: PDFDocEncoding definition (HO)
)
\Hy@SavedSpaceFactor=\count90

(/usr/local/texlive/2012/texmf-dist/tex/latex/latexconfig/hyperref.cfg
File: hyperref.cfg 2002/06/06 v1.2 hyperref configuration of TeXLive
)
Package hyperref Info: Hyper figures OFF on input line 4062.
Package hyperref Info: Link nesting OFF on input line 4067.
Package hyperref Info: Hyper index ON on input line 4070.
Package hyperref Info: Plain pages OFF on input line 4077.
Package hyperref Info: Backreferencing OFF on input line 4082.
Package hyperref Info: Implicit mode ON; LaTeX internals redefined.
Package hyperref Info: Bookmarks ON on input line 4300.
\c@Hy@tempcnt=\count91

(/usr/local/texlive/2012/texmf-dist/tex/latex/url/url.sty
\Urlmuskip=\muskip10
Package: url 2006/04/12  ver 3.3  Verb mode for urls, etc.
)
LaTeX Info: Redefining \url on input line 4653.
\Fld@menulength=\count92
\Field@Width=\dimen104
\Fld@charsize=\dimen105
Package hyperref Info: Hyper figures OFF on input line 5773.
Package hyperref Info: Link nesting OFF on input line 5778.
Package hyperref Info: Hyper index ON on input line 5781.
Package hyperref Info: backreferencing OFF on input line 5788.
Package hyperref Info: Link coloring OFF on input line 5793.
Package hyperref Info: Link coloring with OCG OFF on input line 5798.
Package hyperref Info: PDF/A mode OFF on input line 5803.
LaTeX Info: Redefining \ref on input line 5843.
LaTeX Info: Redefining \pageref on input line 5847.
\Hy@abspage=\count93
\c@Item=\count94
\c@Hfootnote=\count95
)

Package hyperref Message: Driver (autodetected): hpdftex.

(/usr/local/texlive/2012/texmf-dist/tex/latex/hyperref/hpdftex.def
File: hpdftex.def 2012/05/13 v6.82q Hyperref driver for pdfTeX
\Fld@listcount=\count96
\c@bookmark@seq@number=\count97

(/usr/local/texlive/2012/texmf-dist/tex/latex/oberdiek/rerunfilecheck.sty
Package: rerunfilecheck 2011/04/15 v1.7 Rerun checks for auxiliary files (HO)
Package uniquecounter Info: New unique counter `rerunfilecheck' on input line 2
82.
)
\Hy@SectionHShift=\skip44
)
(./enumerate.sty
Package: enumerate 1999/03/05 v3.00 enumerate extensions (DPC)
\@enLab=\toks17
)
(/usr/local/texlive/2012/texmf-dist/tex/latex/tools/indentfirst.sty
Package: indentfirst 1995/11/23 v1.03 Indent first paragraph (DPC)
)
Package hyperref Info: Option `colorlinks' set `true' on input line 17.

(./Sweave.sty
Package: Sweave 
 (/usr/local/texlive/2012/texmf-dist/tex/latex/base/ifthen.sty
Package: ifthen 2001/05/26 v1.1c Standard LaTeX ifthen package (DPC)
)
(/usr/local/texlive/2012/texmf-dist/tex/latex/graphics/graphicx.sty
Package: graphicx 1999/02/16 v1.0f Enhanced LaTeX Graphics (DPC,SPQR)

(/usr/local/texlive/2012/texmf-dist/tex/latex/graphics/graphics.sty
Package: graphics 2009/02/05 v1.0o Standard LaTeX Graphics (DPC,SPQR)

(/usr/local/texlive/2012/texmf-dist/tex/latex/graphics/trig.sty
Package: trig 1999/03/16 v1.09 sin cos tan (DPC)
)
(/usr/local/texlive/2012/texmf-dist/tex/latex/latexconfig/graphics.cfg
File: graphics.cfg 2010/04/23 v1.9 graphics configuration of TeX Live
)
Package graphics Info: Driver file: pdftex.def on input line 91.

(/usr/local/texlive/2012/texmf-dist/tex/latex/pdftex-def/pdftex.def
File: pdftex.def 2011/05/27 v0.06d Graphics/color for pdfTeX
\Gread@gobject=\count98
))
\Gin@req@height=\dimen106
\Gin@req@width=\dimen107
)
(/usr/local/texlive/2012/texmf-dist/tex/latex/fancyvrb/fancyvrb.sty
Package: fancyvrb 2008/02/07

Style option: `fancyvrb' v2.7a, with DG/SPQR fixes, and firstline=lastline fix 
<2008/02/07> (tvz)
\FV@CodeLineNo=\count99
\FV@InFile=\read1
\FV@TabBox=\box28
\c@FancyVerbLine=\count100
\FV@StepNumber=\count101
\FV@OutFile=\write3
)
(/usr/local/texlive/2012/texmf-dist/tex/latex/upquote/upquote.sty
Package: upquote 2012/04/19 v1.3 upright-quote and grave-accent glyphs in verba
tim
)
(/usr/local/texlive/2012/texmf-dist/tex/latex/base/fontenc.sty
Package: fontenc 2005/09/27 v1.99g Standard LaTeX package

(/usr/local/texlive/2012/texmf-dist/tex/latex/base/t1enc.def
File: t1enc.def 2005/09/27 v1.99g Standard LaTeX file
LaTeX Font Info:    Redeclaring font encoding T1 on input line 43.
))
(/usr/local/texlive/2012/texmf-dist/tex/latex/ae/ae.sty
Package: ae 2001/02/12 1.3 Almost European Computer Modern

(/usr/local/texlive/2012/texmf-dist/tex/latex/base/fontenc.sty
Package: fontenc 2005/09/27 v1.99g Standard LaTeX package

(/usr/local/texlive/2012/texmf-dist/tex/latex/base/t1enc.def
File: t1enc.def 2005/09/27 v1.99g Standard LaTeX file
LaTeX Font Info:    Redeclaring font encoding T1 on input line 43.
)
LaTeX Font Info:    Try loading font information for T1+aer on input line 100.

(/usr/local/texlive/2012/texmf-dist/tex/latex/ae/t1aer.fd
File: t1aer.fd 1997/11/16 Font definitions for T1/aer.
))))
(./CruiseReport.aux)
\openout1 = `CruiseReport.aux'.

LaTeX Font Info:    Checking defaults for OML/cmm/m/it on input line 30.
LaTeX Font Info:    ... okay on input line 30.
LaTeX Font Info:    Checking defaults for T1/cmr/m/n on input line 30.
LaTeX Font Info:    ... okay on input line 30.
LaTeX Font Info:    Checking defaults for OT1/cmr/m/n on input line 30.
LaTeX Font Info:    ... okay on input line 30.
LaTeX Font Info:    Checking defaults for OMS/cmsy/m/n on input line 30.
LaTeX Font Info:    ... okay on input line 30.
LaTeX Font Info:    Checking defaults for OMX/cmex/m/n on input line 30.
LaTeX Font Info:    ... okay on input line 30.
LaTeX Font Info:    Checking defaults for U/cmr/m/n on input line 30.
LaTeX Font Info:    ... okay on input line 30.
LaTeX Font Info:    Checking defaults for PD1/pdf/m/n on input line 30.
LaTeX Font Info:    ... okay on input line 30.
\AtBeginShipoutBox=\box29

(/usr/local/texlive/2012/texmf-dist/tex/latex/graphics/color.sty
Package: color 2005/11/14 v1.0j Standard LaTeX Color (DPC)

(/usr/local/texlive/2012/texmf-dist/tex/latex/latexconfig/color.cfg
File: color.cfg 2007/01/18 v1.5 color configuration of teTeX/TeXLive
)
Package color Info: Driver file: pdftex.def on input line 130.
)
Package hyperref Info: Link coloring ON on input line 30.

(/usr/local/texlive/2012/texmf-dist/tex/latex/hyperref/nameref.sty
Package: nameref 2010/04/30 v2.40 Cross-referencing by name of section

(/usr/local/texlive/2012/texmf-dist/tex/generic/oberdiek/gettitlestring.sty
Package: gettitlestring 2010/12/03 v1.4 Cleanup title references (HO)
)
\c@section@level=\count102
)
LaTeX Info: Redefining \ref on input line 30.
LaTeX Info: Redefining \pageref on input line 30.
LaTeX Info: Redefining \nameref on input line 30.

(./CruiseReport.out) (./CruiseReport.out)
\@outlinefile=\write4
\openout4 = `CruiseReport.out'.


(/usr/local/texlive/2012/texmf-dist/tex/context/base/supp-pdf.mkii
[Loading MPS to PDF converter (version 2006.09.02).]
\scratchcounter=\count103
\scratchdimen=\dimen108
\scratchbox=\box30
\nofMPsegments=\count104
\nofMParguments=\count105
\everyMPshowfont=\toks18
\MPscratchCnt=\count106
\MPscratchDim=\dimen109
\MPnumerator=\count107
\makeMPintoPDFobject=\count108
\everyMPtoPDFconversion=\toks19
) (/usr/local/texlive/2012/texmf-dist/tex/latex/oberdiek/epstopdf-base.sty
Package: epstopdf-base 2010/02/09 v2.5 Base part for package epstopdf

(/usr/local/texlive/2012/texmf-dist/tex/latex/oberdiek/grfext.sty
Package: grfext 2010/08/19 v1.1 Manage graphics extensions (HO)
)
Package grfext Info: Graphics extension search list:
(grfext)             [.png,.pdf,.jpg,.mps,.jpeg,.jbig2,.jb2,.PNG,.PDF,.JPG,.JPE
G,.JBIG2,.JB2,.eps]
(grfext)             \AppendGraphicsExtensions on input line 452.

(/usr/local/texlive/2012/texmf-dist/tex/latex/latexconfig/epstopdf-sys.cfg
File: epstopdf-sys.cfg 2010/07/13 v1.3 Configuration of (r)epstopdf for TeX Liv
e
))
LaTeX Font Info:    External font `cmex10' loaded for size
(Font)              <12> on input line 34.
LaTeX Font Info:    External font `cmex10' loaded for size
(Font)              <8> on input line 34.
LaTeX Font Info:    External font `cmex10' loaded for size
(Font)              <6> on input line 34.
LaTeX Font Info:    Try loading font information for T1+aett on input line 34.

(/usr/local/texlive/2012/texmf-dist/tex/latex/ae/t1aett.fd
File: t1aett.fd 1997/11/16 Font definitions for T1/aett.
)
<logo.jpg, id=34, 1049.9225pt x 241.90375pt>
File: logo.jpg Graphic file (type jpg)
 <use logo.jpg>
Package pdftex.def Info: logo.jpg used on input line 47.
(pdftex.def)             Requested size: 362.37569pt x 83.4901pt.
 [1

{/usr/local/texlive/2012/texmf-var/fonts/map/pdftex/updmap/pdftex.map} <./logo.
jpg>]
Underfull \hbox (badness 10000) in paragraph at lines 58--60

 []

LaTeX Font Info:    External font `cmex10' loaded for size
(Font)              <7> on input line 61.
LaTeX Font Info:    External font `cmex10' loaded for size
(Font)              <5> on input line 61.
[2] <seaflow2.png, id=51, 876.27374pt x 704.6325pt>
File: seaflow2.png Graphic file (type png)
 <use seaflow2.png>
Package pdftex.def Info: seaflow2.png used on input line 84.
(pdftex.def)             Requested size: 226.48395pt x 182.1142pt.
 [3 <./seaflow2.png>] <CruiseReport-002.pdf, id=69, 650.43pt x 650.43pt>
File: CruiseReport-002.pdf Graphic file (type pdf)

<use CruiseReport-002.pdf>
Package pdftex.def Info: CruiseReport-002.pdf used on input line 99.
(pdftex.def)             Requested size: 362.37569pt x 362.38239pt.
 [4 <./CruiseReport-002.pdf>]
<CruiseReport-003.pdf, id=82, 650.43pt x 867.24pt>
File: CruiseReport-003.pdf Graphic file (type pdf)
 <use CruiseReport-003.pdf>
Package pdftex.def Info: CruiseReport-003.pdf used on input line 112.
(pdftex.def)             Requested size: 362.37569pt x 483.17653pt.

[5 <./CruiseReport-003.pdf>]
<CruiseReport-004.pdf, id=97, 650.43pt x 867.24pt>
File: CruiseReport-004.pdf Graphic file (type pdf)
 <use CruiseReport-004.pdf>
Package pdftex.def Info: CruiseReport-004.pdf used on input line 123.
(pdftex.def)             Requested size: 362.37569pt x 483.17653pt.

[6 <./CruiseReport-004.pdf>]

LaTeX Warning: The counter will not be printed.
             The label is: (c) on input line 132.

<CruiseReport-005.pdf, id=110, 650.43pt x 433.62pt>
File: CruiseReport-005.pdf Graphic file (type pdf)
 <use CruiseReport-005.pdf>
Package pdftex.def Info: CruiseReport-005.pdf used on input line 141.
(pdftex.def)             Requested size: 362.37569pt x 241.58826pt.

[7 <./CruiseReport-005.pdf>]
<CruiseReport-006.pdf, id=126, 650.43pt x 867.24pt>
File: CruiseReport-006.pdf Graphic file (type pdf)
 <use CruiseReport-006.pdf>
Package pdftex.def Info: CruiseReport-006.pdf used on input line 154.
(pdftex.def)             Requested size: 362.37569pt x 483.17653pt.
Package atveryend Info: Empty hook `BeforeClearDocument' on input line 161.

[8 <./CruiseReport-006.pdf>]
Package atveryend Info: Empty hook `AfterLastShipout' on input line 161.
 (./CruiseReport.aux)
Package atveryend Info: Executing hook `AtVeryEndDocument' on input line 161.
Package atveryend Info: Executing hook `AtEndAfterFileList' on input line 161.
Package rerunfilecheck Info: File `CruiseReport.out' has not changed.
(rerunfilecheck)             Checksum: AC60CCB10D130A8D71F4D010EDE35C8F;493.
Package atveryend Info: Empty hook `AtVeryVeryEnd' on input line 161.
 ) 
Here is how much of TeX's memory you used:
 5921 strings out of 493488
 87083 string characters out of 3141326
 164053 words of memory out of 3000000
 9093 multiletter control sequences out of 15000+200000
 38010 words of font info for 76 fonts, out of 3000000 for 9000
 957 hyphenation exceptions out of 8191
 35i,8n,28p,635b,320s stack positions out of 5000i,500n,10000p,200000b,50000s
</usr/local/texlive/2012/texmf-dist/fonts/type1/public/amsfonts/cm/cmbx10.pfb
></usr/local/texlive/2012/texmf-dist/fonts/type1/public/amsfonts/cm/cmbx12.pfb>
</usr/local/texlive/2012/texmf-dist/fonts/type1/public/amsfonts/cm/cmmi7.pfb></
usr/local/texlive/2012/texmf-dist/fonts/type1/public/amsfonts/cm/cmr10.pfb></us
r/local/texlive/2012/texmf-dist/fonts/type1/public/amsfonts/cm/cmr12.pfb></usr/
local/texlive/2012/texmf-dist/fonts/type1/public/amsfonts/cm/cmr17.pfb></usr/lo
cal/texlive/2012/texmf-dist/fonts/type1/public/amsfonts/cm/cmr6.pfb></usr/local
/texlive/2012/texmf-dist/fonts/type1/public/amsfonts/cm/cmr7.pfb></usr/local/te
xlive/2012/texmf-dist/fonts/type1/public/amsfonts/cm/cmr8.pfb></usr/local/texli
ve/2012/texmf-dist/fonts/type1/public/amsfonts/cm/cmsy7.pfb></usr/local/texlive
/2012/texmf-dist/fonts/type1/public/amsfonts/cm/cmti10.pfb></usr/local/texlive/
2012/texmf-dist/fonts/type1/public/amsfonts/cm/cmtt10.pfb></usr/local/texlive/2
012/texmf-dist/fonts/type1/public/amsfonts/cm/cmtt12.pfb></usr/local/texlive/20
12/texmf-dist/fonts/type1/public/amsfonts/cm/cmtt8.pfb>
Output written on CruiseReport.pdf (8 pages, 4123954 bytes).
PDF statistics:
 193 PDF objects out of 1000 (max. 8388607)
 154 compressed objects within 2 object streams
 25 named destinations out of 1000 (max. 500000)
 92 words of extra memory for PDF output out of 10000 (max. 10000000)

